{"C:\\Users\\javier.uroz\\source\\NodeJS Fernando Herrera\\07-RESTWeb\\src\\data\\postgres\\index.ts": {"path":"C:\\Users\\javier.uroz\\source\\NodeJS Fernando Herrera\\07-RESTWeb\\src\\data\\postgres\\index.ts","all":false,"statementMap":{"0":{"start":{"line":1,"column":0},"end":{"line":1,"column":46}},"1":{"start":{"line":2,"column":0},"end":{"line":2,"column":0}},"2":{"start":{"line":3,"column":0},"end":{"line":3,"column":41}}},"s":{"0":1,"1":1,"2":1},"branchMap":{},"b":{},"fnMap":{},"f":{}}
,"C:\\Users\\javier.uroz\\source\\NodeJS Fernando Herrera\\07-RESTWeb\\src\\domain\\index.ts": {"path":"C:\\Users\\javier.uroz\\source\\NodeJS Fernando Herrera\\07-RESTWeb\\src\\domain\\index.ts","all":false,"statementMap":{"0":{"start":{"line":1,"column":0},"end":{"line":1,"column":45}},"1":{"start":{"line":2,"column":0},"end":{"line":2,"column":22}},"2":{"start":{"line":3,"column":0},"end":{"line":3,"column":38}},"3":{"start":{"line":4,"column":0},"end":{"line":4,"column":46}},"4":{"start":{"line":5,"column":0},"end":{"line":5,"column":0}},"5":{"start":{"line":6,"column":0},"end":{"line":6,"column":37}},"6":{"start":{"line":7,"column":0},"end":{"line":7,"column":0}},"7":{"start":{"line":8,"column":0},"end":{"line":8,"column":44}},"8":{"start":{"line":9,"column":0},"end":{"line":9,"column":44}},"9":{"start":{"line":10,"column":0},"end":{"line":10,"column":44}},"10":{"start":{"line":11,"column":0},"end":{"line":11,"column":41}},"11":{"start":{"line":12,"column":0},"end":{"line":12,"column":46}}},"s":{"0":1,"1":1,"2":1,"3":1,"4":1,"5":1,"6":1,"7":1,"8":1,"9":1,"10":1,"11":1},"branchMap":{},"b":{},"fnMap":{},"f":{}}
,"C:\\Users\\javier.uroz\\source\\NodeJS Fernando Herrera\\07-RESTWeb\\src\\domain\\dtos\\todos\\create-todo.dto.ts": {"path":"C:\\Users\\javier.uroz\\source\\NodeJS Fernando Herrera\\07-RESTWeb\\src\\domain\\dtos\\todos\\create-todo.dto.ts","all":false,"statementMap":{"0":{"start":{"line":1,"column":0},"end":{"line":1,"column":28}},"1":{"start":{"line":2,"column":0},"end":{"line":2,"column":24}},"2":{"start":{"line":3,"column":0},"end":{"line":3,"column":37}},"3":{"start":{"line":4,"column":0},"end":{"line":4,"column":7}},"4":{"start":{"line":5,"column":0},"end":{"line":5,"column":0}},"5":{"start":{"line":6,"column":0},"end":{"line":6,"column":96}},"6":{"start":{"line":7,"column":0},"end":{"line":7,"column":31}},"7":{"start":{"line":8,"column":0},"end":{"line":8,"column":0}},"8":{"start":{"line":9,"column":0},"end":{"line":9,"column":87}},"9":{"start":{"line":10,"column":0},"end":{"line":10,"column":0}},"10":{"start":{"line":11,"column":0},"end":{"line":11,"column":51}},"11":{"start":{"line":12,"column":0},"end":{"line":12,"column":5}},"12":{"start":{"line":13,"column":0},"end":{"line":13,"column":1}}},"s":{"0":1,"1":1,"2":1,"3":1,"4":1,"5":1,"6":3,"7":3,"8":3,"9":1,"10":1,"11":1,"12":1},"branchMap":{"0":{"type":"branch","line":1,"loc":{"start":{"line":1,"column":26},"end":{"line":13,"column":1}},"locations":[{"start":{"line":1,"column":26},"end":{"line":13,"column":1}}]},"1":{"type":"branch","line":2,"loc":{"start":{"line":2,"column":4},"end":{"line":4,"column":7}},"locations":[{"start":{"line":2,"column":4},"end":{"line":4,"column":7}}]},"2":{"type":"branch","line":6,"loc":{"start":{"line":6,"column":11},"end":{"line":12,"column":5}},"locations":[{"start":{"line":6,"column":11},"end":{"line":12,"column":5}}]},"3":{"type":"branch","line":9,"loc":{"start":{"line":9,"column":16},"end":{"line":9,"column":37}},"locations":[{"start":{"line":9,"column":16},"end":{"line":9,"column":37}}]},"4":{"type":"branch","line":9,"loc":{"start":{"line":9,"column":39},"end":{"line":9,"column":87}},"locations":[{"start":{"line":9,"column":39},"end":{"line":9,"column":87}}]},"5":{"type":"branch","line":10,"loc":{"start":{"line":10,"column":-2},"end":{"line":12,"column":5}},"locations":[{"start":{"line":10,"column":-2},"end":{"line":12,"column":5}}]}},"b":{"0":[1],"1":[1],"2":[3],"3":[1],"4":[2],"5":[1]},"fnMap":{"0":{"name":"<instance_members_initializer>","decl":{"start":{"line":1,"column":26},"end":{"line":13,"column":1}},"loc":{"start":{"line":1,"column":26},"end":{"line":13,"column":1}},"line":1},"1":{"name":"CreateTodoDTO","decl":{"start":{"line":2,"column":4},"end":{"line":4,"column":7}},"loc":{"start":{"line":2,"column":4},"end":{"line":4,"column":7}},"line":2},"2":{"name":"create","decl":{"start":{"line":6,"column":11},"end":{"line":12,"column":5}},"loc":{"start":{"line":6,"column":11},"end":{"line":12,"column":5}},"line":6}},"f":{"0":1,"1":1,"2":3}}
,"C:\\Users\\javier.uroz\\source\\NodeJS Fernando Herrera\\07-RESTWeb\\src\\domain\\dtos\\todos\\update-todo.dto.ts": {"path":"C:\\Users\\javier.uroz\\source\\NodeJS Fernando Herrera\\07-RESTWeb\\src\\domain\\dtos\\todos\\update-todo.dto.ts","all":false,"statementMap":{"0":{"start":{"line":1,"column":0},"end":{"line":1,"column":28}},"1":{"start":{"line":2,"column":0},"end":{"line":2,"column":24}},"2":{"start":{"line":3,"column":0},"end":{"line":3,"column":35}},"3":{"start":{"line":4,"column":0},"end":{"line":4,"column":38}},"4":{"start":{"line":5,"column":0},"end":{"line":5,"column":43}},"5":{"start":{"line":6,"column":0},"end":{"line":6,"column":7}},"6":{"start":{"line":7,"column":0},"end":{"line":7,"column":0}},"7":{"start":{"line":8,"column":0},"end":{"line":8,"column":18}},"8":{"start":{"line":9,"column":0},"end":{"line":9,"column":50}},"9":{"start":{"line":10,"column":0},"end":{"line":10,"column":0}},"10":{"start":{"line":11,"column":0},"end":{"line":11,"column":49}},"11":{"start":{"line":12,"column":0},"end":{"line":12,"column":70}},"12":{"start":{"line":13,"column":0},"end":{"line":13,"column":0}},"13":{"start":{"line":14,"column":0},"end":{"line":14,"column":25}},"14":{"start":{"line":15,"column":0},"end":{"line":15,"column":5}},"15":{"start":{"line":16,"column":0},"end":{"line":16,"column":0}},"16":{"start":{"line":17,"column":0},"end":{"line":17,"column":96}},"17":{"start":{"line":18,"column":0},"end":{"line":18,"column":48}},"18":{"start":{"line":19,"column":0},"end":{"line":19,"column":0}},"19":{"start":{"line":20,"column":0},"end":{"line":20,"column":38}},"20":{"start":{"line":21,"column":0},"end":{"line":21,"column":59}},"21":{"start":{"line":22,"column":0},"end":{"line":22,"column":10}},"22":{"start":{"line":23,"column":0},"end":{"line":23,"column":0}},"23":{"start":{"line":24,"column":0},"end":{"line":24,"column":41}},"24":{"start":{"line":25,"column":0},"end":{"line":25,"column":0}},"25":{"start":{"line":26,"column":0},"end":{"line":26,"column":25}},"26":{"start":{"line":27,"column":0},"end":{"line":27,"column":50}},"27":{"start":{"line":28,"column":0},"end":{"line":28,"column":62}},"28":{"start":{"line":29,"column":0},"end":{"line":29,"column":70}},"29":{"start":{"line":30,"column":0},"end":{"line":30,"column":13}},"30":{"start":{"line":31,"column":0},"end":{"line":31,"column":9}},"31":{"start":{"line":32,"column":0},"end":{"line":32,"column":0}},"32":{"start":{"line":33,"column":0},"end":{"line":33,"column":0}},"33":{"start":{"line":34,"column":0},"end":{"line":34,"column":0}},"34":{"start":{"line":35,"column":0},"end":{"line":35,"column":71}},"35":{"start":{"line":36,"column":0},"end":{"line":36,"column":5}},"36":{"start":{"line":37,"column":0},"end":{"line":37,"column":1}}},"s":{"0":1,"1":4,"2":4,"3":4,"4":4,"5":4,"6":4,"7":4,"8":3,"9":3,"10":3,"11":3,"12":3,"13":3,"14":3,"15":4,"16":4,"17":4,"18":4,"19":4,"20":0,"21":4,"22":4,"23":4,"24":4,"25":4,"26":3,"27":3,"28":0,"29":0,"30":3,"31":4,"32":4,"33":4,"34":4,"35":4,"36":4},"branchMap":{"0":{"type":"branch","line":1,"loc":{"start":{"line":1,"column":26},"end":{"line":37,"column":1}},"locations":[{"start":{"line":1,"column":26},"end":{"line":37,"column":1}}]},"1":{"type":"branch","line":2,"loc":{"start":{"line":2,"column":4},"end":{"line":6,"column":7}},"locations":[{"start":{"line":2,"column":4},"end":{"line":6,"column":7}}]},"2":{"type":"branch","line":8,"loc":{"start":{"line":8,"column":4},"end":{"line":15,"column":5}},"locations":[{"start":{"line":8,"column":4},"end":{"line":15,"column":5}}]},"3":{"type":"branch","line":11,"loc":{"start":{"line":11,"column":22},"end":{"line":11,"column":49}},"locations":[{"start":{"line":11,"column":22},"end":{"line":11,"column":49}}]},"4":{"type":"branch","line":12,"loc":{"start":{"line":12,"column":29},"end":{"line":12,"column":70}},"locations":[{"start":{"line":12,"column":29},"end":{"line":12,"column":70}}]},"5":{"type":"branch","line":17,"loc":{"start":{"line":17,"column":11},"end":{"line":36,"column":5}},"locations":[{"start":{"line":17,"column":11},"end":{"line":36,"column":5}}]},"6":{"type":"branch","line":20,"loc":{"start":{"line":20,"column":37},"end":{"line":22,"column":9}},"locations":[{"start":{"line":20,"column":37},"end":{"line":22,"column":9}}]},"7":{"type":"branch","line":26,"loc":{"start":{"line":26,"column":24},"end":{"line":31,"column":9}},"locations":[{"start":{"line":26,"column":24},"end":{"line":31,"column":9}}]},"8":{"type":"branch","line":28,"loc":{"start":{"line":28,"column":61},"end":{"line":30,"column":13}},"locations":[{"start":{"line":28,"column":61},"end":{"line":30,"column":13}}]}},"b":{"0":[4],"1":[4],"2":[3],"3":[2],"4":[2],"5":[4],"6":[0],"7":[3],"8":[0]},"fnMap":{"0":{"name":"<instance_members_initializer>","decl":{"start":{"line":1,"column":26},"end":{"line":37,"column":1}},"loc":{"start":{"line":1,"column":26},"end":{"line":37,"column":1}},"line":1},"1":{"name":"UpdateTodoDTO","decl":{"start":{"line":2,"column":4},"end":{"line":6,"column":7}},"loc":{"start":{"line":2,"column":4},"end":{"line":6,"column":7}},"line":2},"2":{"name":"get values","decl":{"start":{"line":8,"column":4},"end":{"line":15,"column":5}},"loc":{"start":{"line":8,"column":4},"end":{"line":15,"column":5}},"line":8},"3":{"name":"create","decl":{"start":{"line":17,"column":11},"end":{"line":36,"column":5}},"loc":{"start":{"line":17,"column":11},"end":{"line":36,"column":5}},"line":17}},"f":{"0":4,"1":4,"2":3,"3":4}}
,"C:\\Users\\javier.uroz\\source\\NodeJS Fernando Herrera\\07-RESTWeb\\src\\domain\\errors\\custom.error.ts": {"path":"C:\\Users\\javier.uroz\\source\\NodeJS Fernando Herrera\\07-RESTWeb\\src\\domain\\errors\\custom.error.ts","all":false,"statementMap":{"0":{"start":{"line":1,"column":0},"end":{"line":1,"column":0}},"1":{"start":{"line":2,"column":0},"end":{"line":2,"column":0}},"2":{"start":{"line":3,"column":0},"end":{"line":3,"column":40}},"3":{"start":{"line":4,"column":0},"end":{"line":4,"column":16}},"4":{"start":{"line":5,"column":0},"end":{"line":5,"column":40}},"5":{"start":{"line":6,"column":0},"end":{"line":6,"column":48}},"6":{"start":{"line":7,"column":0},"end":{"line":7,"column":6}},"7":{"start":{"line":8,"column":0},"end":{"line":8,"column":22}},"8":{"start":{"line":9,"column":0},"end":{"line":9,"column":5}},"9":{"start":{"line":10,"column":0},"end":{"line":10,"column":1}}},"s":{"0":1,"1":1,"2":1,"3":3,"4":3,"5":3,"6":3,"7":3,"8":3,"9":3},"branchMap":{"0":{"type":"branch","line":3,"loc":{"start":{"line":3,"column":38},"end":{"line":10,"column":1}},"locations":[{"start":{"line":3,"column":38},"end":{"line":10,"column":1}}]},"1":{"type":"branch","line":4,"loc":{"start":{"line":4,"column":4},"end":{"line":9,"column":5}},"locations":[{"start":{"line":4,"column":4},"end":{"line":9,"column":5}}]}},"b":{"0":[3],"1":[3]},"fnMap":{"0":{"name":"<instance_members_initializer>","decl":{"start":{"line":3,"column":38},"end":{"line":10,"column":1}},"loc":{"start":{"line":3,"column":38},"end":{"line":10,"column":1}},"line":3},"1":{"name":"CustomError","decl":{"start":{"line":4,"column":4},"end":{"line":9,"column":5}},"loc":{"start":{"line":4,"column":4},"end":{"line":9,"column":5}},"line":4}},"f":{"0":3,"1":3}}
,"C:\\Users\\javier.uroz\\source\\NodeJS Fernando Herrera\\07-RESTWeb\\src\\infrastructure\\datasource\\todo.datasource.impl.ts": {"path":"C:\\Users\\javier.uroz\\source\\NodeJS Fernando Herrera\\07-RESTWeb\\src\\infrastructure\\datasource\\todo.datasource.impl.ts","all":false,"statementMap":{"0":{"start":{"line":1,"column":0},"end":{"line":1,"column":45}},"1":{"start":{"line":2,"column":0},"end":{"line":2,"column":101}},"2":{"start":{"line":3,"column":0},"end":{"line":3,"column":0}},"3":{"start":{"line":4,"column":0},"end":{"line":4,"column":59}},"4":{"start":{"line":5,"column":0},"end":{"line":5,"column":69}},"5":{"start":{"line":6,"column":0},"end":{"line":6,"column":47}},"6":{"start":{"line":7,"column":0},"end":{"line":7,"column":32}},"7":{"start":{"line":8,"column":0},"end":{"line":8,"column":11}},"8":{"start":{"line":9,"column":0},"end":{"line":9,"column":0}},"9":{"start":{"line":10,"column":0},"end":{"line":10,"column":43}},"10":{"start":{"line":11,"column":0},"end":{"line":11,"column":5}},"11":{"start":{"line":12,"column":0},"end":{"line":12,"column":43}},"12":{"start":{"line":13,"column":0},"end":{"line":13,"column":51}},"13":{"start":{"line":14,"column":0},"end":{"line":14,"column":0}},"14":{"start":{"line":15,"column":0},"end":{"line":15,"column":62}},"15":{"start":{"line":16,"column":0},"end":{"line":16,"column":5}},"16":{"start":{"line":17,"column":0},"end":{"line":17,"column":53}},"17":{"start":{"line":18,"column":0},"end":{"line":18,"column":50}},"18":{"start":{"line":19,"column":0},"end":{"line":19,"column":25}},"19":{"start":{"line":20,"column":0},"end":{"line":20,"column":11}},"20":{"start":{"line":21,"column":0},"end":{"line":21,"column":0}},"21":{"start":{"line":22,"column":0},"end":{"line":22,"column":77}},"22":{"start":{"line":23,"column":0},"end":{"line":23,"column":43}},"23":{"start":{"line":24,"column":0},"end":{"line":24,"column":5}},"24":{"start":{"line":25,"column":0},"end":{"line":25,"column":73}},"25":{"start":{"line":26,"column":0},"end":{"line":26,"column":46}},"26":{"start":{"line":27,"column":0},"end":{"line":27,"column":0}},"27":{"start":{"line":28,"column":0},"end":{"line":28,"column":53}},"28":{"start":{"line":29,"column":0},"end":{"line":29,"column":44}},"29":{"start":{"line":30,"column":0},"end":{"line":30,"column":39}},"30":{"start":{"line":31,"column":0},"end":{"line":31,"column":11}},"31":{"start":{"line":32,"column":0},"end":{"line":32,"column":0}},"32":{"start":{"line":33,"column":0},"end":{"line":33,"column":49}},"33":{"start":{"line":34,"column":0},"end":{"line":34,"column":5}},"34":{"start":{"line":35,"column":0},"end":{"line":35,"column":55}},"35":{"start":{"line":36,"column":0},"end":{"line":36,"column":32}},"36":{"start":{"line":37,"column":0},"end":{"line":37,"column":0}},"37":{"start":{"line":38,"column":0},"end":{"line":38,"column":50}},"38":{"start":{"line":39,"column":0},"end":{"line":39,"column":25}},"39":{"start":{"line":40,"column":0},"end":{"line":40,"column":11}},"40":{"start":{"line":41,"column":0},"end":{"line":41,"column":0}},"41":{"start":{"line":42,"column":0},"end":{"line":42,"column":46}},"42":{"start":{"line":43,"column":0},"end":{"line":43,"column":5}},"43":{"start":{"line":44,"column":0},"end":{"line":44,"column":0}},"44":{"start":{"line":45,"column":0},"end":{"line":45,"column":1}}},"s":{"0":1,"1":1,"2":1,"3":1,"4":1,"5":1,"6":1,"7":1,"8":1,"9":1,"10":1,"11":1,"12":1,"13":1,"14":1,"15":1,"16":1,"17":8,"18":8,"19":8,"20":8,"21":8,"22":5,"23":5,"24":1,"25":4,"26":3,"27":3,"28":3,"29":3,"30":3,"31":3,"32":3,"33":3,"34":1,"35":2,"36":1,"37":1,"38":1,"39":1,"40":1,"41":1,"42":1,"43":1,"44":1},"branchMap":{"0":{"type":"branch","line":5,"loc":{"start":{"line":5,"column":4},"end":{"line":11,"column":5}},"locations":[{"start":{"line":5,"column":4},"end":{"line":11,"column":5}}]},"1":{"type":"branch","line":12,"loc":{"start":{"line":12,"column":4},"end":{"line":16,"column":5}},"locations":[{"start":{"line":12,"column":4},"end":{"line":16,"column":5}}]},"2":{"type":"branch","line":15,"loc":{"start":{"line":15,"column":25},"end":{"line":15,"column":60}},"locations":[{"start":{"line":15,"column":25},"end":{"line":15,"column":60}}]},"3":{"type":"branch","line":17,"loc":{"start":{"line":17,"column":4},"end":{"line":24,"column":5}},"locations":[{"start":{"line":17,"column":4},"end":{"line":24,"column":5}}]},"4":{"type":"branch","line":22,"loc":{"start":{"line":22,"column":18},"end":{"line":22,"column":77}},"locations":[{"start":{"line":22,"column":18},"end":{"line":22,"column":77}}]},"5":{"type":"branch","line":23,"loc":{"start":{"line":23,"column":-2},"end":{"line":24,"column":5}},"locations":[{"start":{"line":23,"column":-2},"end":{"line":24,"column":5}}]},"6":{"type":"branch","line":25,"loc":{"start":{"line":25,"column":4},"end":{"line":34,"column":5}},"locations":[{"start":{"line":25,"column":4},"end":{"line":34,"column":5}}]},"7":{"type":"branch","line":27,"loc":{"start":{"line":27,"column":-2},"end":{"line":34,"column":5}},"locations":[{"start":{"line":27,"column":-2},"end":{"line":34,"column":5}}]},"8":{"type":"branch","line":35,"loc":{"start":{"line":35,"column":4},"end":{"line":43,"column":5}},"locations":[{"start":{"line":35,"column":4},"end":{"line":43,"column":5}}]},"9":{"type":"branch","line":37,"loc":{"start":{"line":37,"column":-2},"end":{"line":43,"column":5}},"locations":[{"start":{"line":37,"column":-2},"end":{"line":43,"column":5}}]}},"b":{"0":[1],"1":[1],"2":[2],"3":[8],"4":[3],"5":[5],"6":[4],"7":[3],"8":[2],"9":[1]},"fnMap":{"0":{"name":"create","decl":{"start":{"line":5,"column":4},"end":{"line":11,"column":5}},"loc":{"start":{"line":5,"column":4},"end":{"line":11,"column":5}},"line":5},"1":{"name":"getAll","decl":{"start":{"line":12,"column":4},"end":{"line":16,"column":5}},"loc":{"start":{"line":12,"column":4},"end":{"line":16,"column":5}},"line":12},"2":{"name":"findById","decl":{"start":{"line":17,"column":4},"end":{"line":24,"column":5}},"loc":{"start":{"line":17,"column":4},"end":{"line":24,"column":5}},"line":17},"3":{"name":"updateById","decl":{"start":{"line":25,"column":4},"end":{"line":34,"column":5}},"loc":{"start":{"line":25,"column":4},"end":{"line":34,"column":5}},"line":25},"4":{"name":"deleteById","decl":{"start":{"line":35,"column":4},"end":{"line":43,"column":5}},"loc":{"start":{"line":35,"column":4},"end":{"line":43,"column":5}},"line":35}},"f":{"0":1,"1":1,"2":8,"3":4,"4":2}}
,"C:\\Users\\javier.uroz\\source\\NodeJS Fernando Herrera\\07-RESTWeb\\src\\presentation\\server.ts": {"path":"C:\\Users\\javier.uroz\\source\\NodeJS Fernando Herrera\\07-RESTWeb\\src\\presentation\\server.ts","all":false,"statementMap":{"0":{"start":{"line":1,"column":0},"end":{"line":1,"column":42}},"1":{"start":{"line":2,"column":0},"end":{"line":2,"column":38}},"2":{"start":{"line":3,"column":0},"end":{"line":3,"column":24}},"3":{"start":{"line":4,"column":0},"end":{"line":4,"column":0}},"4":{"start":{"line":5,"column":0},"end":{"line":5,"column":19}},"5":{"start":{"line":6,"column":0},"end":{"line":6,"column":17}},"6":{"start":{"line":7,"column":0},"end":{"line":7,"column":19}},"7":{"start":{"line":8,"column":0},"end":{"line":8,"column":25}},"8":{"start":{"line":9,"column":0},"end":{"line":9,"column":1}},"9":{"start":{"line":10,"column":0},"end":{"line":10,"column":0}},"10":{"start":{"line":11,"column":0},"end":{"line":11,"column":21}},"11":{"start":{"line":12,"column":0},"end":{"line":12,"column":0}},"12":{"start":{"line":13,"column":0},"end":{"line":13,"column":36}},"13":{"start":{"line":14,"column":0},"end":{"line":14,"column":34}},"14":{"start":{"line":15,"column":0},"end":{"line":15,"column":40}},"15":{"start":{"line":16,"column":0},"end":{"line":16,"column":36}},"16":{"start":{"line":17,"column":0},"end":{"line":17,"column":33}},"17":{"start":{"line":18,"column":0},"end":{"line":18,"column":0}},"18":{"start":{"line":19,"column":0},"end":{"line":19,"column":35}},"19":{"start":{"line":20,"column":0},"end":{"line":20,"column":64}},"20":{"start":{"line":21,"column":0},"end":{"line":21,"column":25}},"21":{"start":{"line":22,"column":0},"end":{"line":22,"column":38}},"22":{"start":{"line":23,"column":0},"end":{"line":23,"column":29}},"23":{"start":{"line":24,"column":0},"end":{"line":24,"column":6}},"24":{"start":{"line":25,"column":0},"end":{"line":25,"column":0}},"25":{"start":{"line":26,"column":0},"end":{"line":26,"column":19}},"26":{"start":{"line":27,"column":0},"end":{"line":27,"column":0}},"27":{"start":{"line":28,"column":0},"end":{"line":28,"column":22}},"28":{"start":{"line":29,"column":0},"end":{"line":29,"column":37}},"29":{"start":{"line":30,"column":0},"end":{"line":30,"column":61}},"30":{"start":{"line":31,"column":0},"end":{"line":31,"column":80}},"31":{"start":{"line":32,"column":0},"end":{"line":32,"column":0}},"32":{"start":{"line":33,"column":0},"end":{"line":33,"column":24}},"33":{"start":{"line":34,"column":0},"end":{"line":34,"column":54}},"34":{"start":{"line":35,"column":0},"end":{"line":35,"column":0}},"35":{"start":{"line":36,"column":0},"end":{"line":36,"column":17}},"36":{"start":{"line":37,"column":0},"end":{"line":37,"column":34}},"37":{"start":{"line":38,"column":0},"end":{"line":38,"column":0}},"38":{"start":{"line":39,"column":0},"end":{"line":39,"column":0}},"39":{"start":{"line":40,"column":0},"end":{"line":40,"column":14}},"40":{"start":{"line":41,"column":0},"end":{"line":41,"column":41}},"41":{"start":{"line":42,"column":0},"end":{"line":42,"column":96}},"42":{"start":{"line":43,"column":0},"end":{"line":43,"column":36}},"43":{"start":{"line":44,"column":0},"end":{"line":44,"column":19}},"44":{"start":{"line":45,"column":0},"end":{"line":45,"column":11}},"45":{"start":{"line":46,"column":0},"end":{"line":46,"column":0}},"46":{"start":{"line":47,"column":0},"end":{"line":47,"column":64}},"47":{"start":{"line":48,"column":0},"end":{"line":48,"column":82}},"48":{"start":{"line":49,"column":0},"end":{"line":49,"column":11}},"49":{"start":{"line":50,"column":0},"end":{"line":50,"column":5}},"50":{"start":{"line":51,"column":0},"end":{"line":51,"column":0}},"51":{"start":{"line":52,"column":0},"end":{"line":52,"column":20}},"52":{"start":{"line":53,"column":0},"end":{"line":53,"column":37}},"53":{"start":{"line":54,"column":0},"end":{"line":54,"column":5}},"54":{"start":{"line":55,"column":0},"end":{"line":55,"column":1}}},"s":{"0":1,"1":1,"2":1,"3":1,"4":1,"5":1,"6":1,"7":1,"8":1,"9":1,"10":1,"11":1,"12":1,"13":1,"14":1,"15":1,"16":1,"17":1,"18":1,"19":1,"20":1,"21":1,"22":1,"23":1,"24":1,"25":1,"26":1,"27":1,"28":1,"29":1,"30":1,"31":1,"32":1,"33":1,"34":1,"35":1,"36":1,"37":1,"38":1,"39":1,"40":1,"41":0,"42":0,"43":0,"44":1,"45":1,"46":1,"47":1,"48":1,"49":1,"50":1,"51":1,"52":1,"53":1,"54":1},"branchMap":{"0":{"type":"branch","line":11,"loc":{"start":{"line":11,"column":19},"end":{"line":55,"column":1}},"locations":[{"start":{"line":11,"column":19},"end":{"line":55,"column":1}}]},"1":{"type":"branch","line":19,"loc":{"start":{"line":19,"column":4},"end":{"line":24,"column":5}},"locations":[{"start":{"line":19,"column":4},"end":{"line":24,"column":5}}]},"2":{"type":"branch","line":26,"loc":{"start":{"line":26,"column":4},"end":{"line":50,"column":5}},"locations":[{"start":{"line":26,"column":4},"end":{"line":50,"column":5}}]},"3":{"type":"branch","line":47,"loc":{"start":{"line":47,"column":57},"end":{"line":49,"column":9}},"locations":[{"start":{"line":47,"column":57},"end":{"line":49,"column":9}}]},"4":{"type":"branch","line":52,"loc":{"start":{"line":52,"column":11},"end":{"line":54,"column":5}},"locations":[{"start":{"line":52,"column":11},"end":{"line":54,"column":5}}]}},"b":{"0":[1],"1":[1],"2":[1],"3":[1],"4":[1]},"fnMap":{"0":{"name":"<instance_members_initializer>","decl":{"start":{"line":11,"column":19},"end":{"line":55,"column":1}},"loc":{"start":{"line":11,"column":19},"end":{"line":55,"column":1}},"line":11},"1":{"name":"Server","decl":{"start":{"line":19,"column":4},"end":{"line":24,"column":5}},"loc":{"start":{"line":19,"column":4},"end":{"line":24,"column":5}},"line":19},"2":{"name":"start","decl":{"start":{"line":26,"column":4},"end":{"line":50,"column":5}},"loc":{"start":{"line":26,"column":4},"end":{"line":50,"column":5}},"line":26},"3":{"name":"close","decl":{"start":{"line":52,"column":11},"end":{"line":54,"column":5}},"loc":{"start":{"line":52,"column":11},"end":{"line":54,"column":5}},"line":52}},"f":{"0":1,"1":1,"2":1,"3":1}}
,"C:\\Users\\javier.uroz\\source\\NodeJS Fernando Herrera\\07-RESTWeb\\src\\presentation\\todos\\controller.ts": {"path":"C:\\Users\\javier.uroz\\source\\NodeJS Fernando Herrera\\07-RESTWeb\\src\\presentation\\todos\\controller.ts","all":false,"statementMap":{"0":{"start":{"line":1,"column":0},"end":{"line":1,"column":44}},"1":{"start":{"line":2,"column":0},"end":{"line":2,"column":65}},"2":{"start":{"line":3,"column":0},"end":{"line":3,"column":116}},"3":{"start":{"line":4,"column":0},"end":{"line":4,"column":0}},"4":{"start":{"line":5,"column":0},"end":{"line":5,"column":30}},"5":{"start":{"line":6,"column":0},"end":{"line":6,"column":9}},"6":{"start":{"line":7,"column":0},"end":{"line":7,"column":16}},"7":{"start":{"line":8,"column":0},"end":{"line":8,"column":56}},"8":{"start":{"line":9,"column":0},"end":{"line":9,"column":8}},"9":{"start":{"line":10,"column":0},"end":{"line":10,"column":0}},"10":{"start":{"line":11,"column":0},"end":{"line":11,"column":75}},"11":{"start":{"line":12,"column":0},"end":{"line":12,"column":43}},"12":{"start":{"line":13,"column":0},"end":{"line":13,"column":77}},"13":{"start":{"line":14,"column":0},"end":{"line":14,"column":19}},"14":{"start":{"line":15,"column":0},"end":{"line":15,"column":9}},"15":{"start":{"line":16,"column":0},"end":{"line":16,"column":82}},"16":{"start":{"line":17,"column":0},"end":{"line":17,"column":5}},"17":{"start":{"line":18,"column":0},"end":{"line":18,"column":0}},"18":{"start":{"line":19,"column":0},"end":{"line":19,"column":56}},"19":{"start":{"line":20,"column":0},"end":{"line":20,"column":43}},"20":{"start":{"line":21,"column":0},"end":{"line":21,"column":22}},"21":{"start":{"line":22,"column":0},"end":{"line":22,"column":43}},"22":{"start":{"line":23,"column":0},"end":{"line":23,"column":66}},"23":{"start":{"line":24,"column":0},"end":{"line":24,"column":5}},"24":{"start":{"line":25,"column":0},"end":{"line":25,"column":0}},"25":{"start":{"line":26,"column":0},"end":{"line":26,"column":75}},"26":{"start":{"line":27,"column":0},"end":{"line":27,"column":34}},"27":{"start":{"line":28,"column":0},"end":{"line":28,"column":8}},"28":{"start":{"line":29,"column":0},"end":{"line":29,"column":40}},"29":{"start":{"line":30,"column":0},"end":{"line":30,"column":24}},"30":{"start":{"line":31,"column":0},"end":{"line":31,"column":41}},"31":{"start":{"line":32,"column":0},"end":{"line":32,"column":66}},"32":{"start":{"line":33,"column":0},"end":{"line":33,"column":6}},"33":{"start":{"line":34,"column":0},"end":{"line":34,"column":0}},"34":{"start":{"line":35,"column":0},"end":{"line":35,"column":58}},"35":{"start":{"line":36,"column":0},"end":{"line":36,"column":70}},"36":{"start":{"line":37,"column":0},"end":{"line":37,"column":0}},"37":{"start":{"line":38,"column":0},"end":{"line":38,"column":57}},"38":{"start":{"line":39,"column":0},"end":{"line":39,"column":0}},"39":{"start":{"line":40,"column":0},"end":{"line":40,"column":43}},"40":{"start":{"line":41,"column":0},"end":{"line":41,"column":36}},"41":{"start":{"line":42,"column":0},"end":{"line":42,"column":53}},"42":{"start":{"line":43,"column":0},"end":{"line":43,"column":66}},"43":{"start":{"line":44,"column":0},"end":{"line":44,"column":6}},"44":{"start":{"line":45,"column":0},"end":{"line":45,"column":0}},"45":{"start":{"line":46,"column":0},"end":{"line":46,"column":74}},"46":{"start":{"line":47,"column":0},"end":{"line":47,"column":34}},"47":{"start":{"line":48,"column":0},"end":{"line":48,"column":78}},"48":{"start":{"line":49,"column":0},"end":{"line":49,"column":57}},"49":{"start":{"line":50,"column":0},"end":{"line":50,"column":0}},"50":{"start":{"line":51,"column":0},"end":{"line":51,"column":43}},"51":{"start":{"line":52,"column":0},"end":{"line":52,"column":36}},"52":{"start":{"line":53,"column":0},"end":{"line":53,"column":41}},"53":{"start":{"line":54,"column":0},"end":{"line":54,"column":66}},"54":{"start":{"line":55,"column":0},"end":{"line":55,"column":6}},"55":{"start":{"line":56,"column":0},"end":{"line":56,"column":0}},"56":{"start":{"line":57,"column":0},"end":{"line":57,"column":74}},"57":{"start":{"line":58,"column":0},"end":{"line":58,"column":34}},"58":{"start":{"line":59,"column":0},"end":{"line":59,"column":8}},"59":{"start":{"line":60,"column":0},"end":{"line":60,"column":43}},"60":{"start":{"line":61,"column":0},"end":{"line":61,"column":24}},"61":{"start":{"line":62,"column":0},"end":{"line":62,"column":41}},"62":{"start":{"line":63,"column":0},"end":{"line":63,"column":66}},"63":{"start":{"line":64,"column":0},"end":{"line":64,"column":6}},"64":{"start":{"line":65,"column":0},"end":{"line":65,"column":1}}},"s":{"0":1,"1":1,"2":1,"3":1,"4":1,"5":1,"6":1,"7":1,"8":1,"9":1,"10":1,"11":3,"12":3,"13":3,"14":3,"15":0,"16":0,"17":1,"18":1,"19":1,"20":1,"21":1,"22":1,"23":1,"24":1,"25":1,"26":2,"27":2,"28":2,"29":2,"30":2,"31":2,"32":1,"33":1,"34":1,"35":3,"36":3,"37":3,"38":1,"39":1,"40":1,"41":1,"42":1,"43":1,"44":1,"45":1,"46":4,"47":4,"48":4,"49":4,"50":4,"51":4,"52":4,"53":4,"54":1,"55":1,"56":1,"57":2,"58":2,"59":2,"60":2,"61":2,"62":2,"63":1,"64":1},"branchMap":{"0":{"type":"branch","line":5,"loc":{"start":{"line":5,"column":28},"end":{"line":65,"column":1}},"locations":[{"start":{"line":5,"column":28},"end":{"line":65,"column":1}}]},"1":{"type":"branch","line":7,"loc":{"start":{"line":7,"column":4},"end":{"line":9,"column":8}},"locations":[{"start":{"line":7,"column":4},"end":{"line":9,"column":8}}]},"2":{"type":"branch","line":11,"loc":{"start":{"line":11,"column":34},"end":{"line":17,"column":5}},"locations":[{"start":{"line":11,"column":34},"end":{"line":17,"column":5}}]},"3":{"type":"branch","line":16,"loc":{"start":{"line":16,"column":-2},"end":{"line":17,"column":5}},"locations":[{"start":{"line":16,"column":-2},"end":{"line":17,"column":5}}]},"4":{"type":"branch","line":19,"loc":{"start":{"line":19,"column":22},"end":{"line":24,"column":5}},"locations":[{"start":{"line":19,"column":22},"end":{"line":24,"column":5}}]},"5":{"type":"branch","line":22,"loc":{"start":{"line":22,"column":18},"end":{"line":22,"column":42}},"locations":[{"start":{"line":22,"column":18},"end":{"line":22,"column":42}}]},"6":{"type":"branch","line":26,"loc":{"start":{"line":26,"column":25},"end":{"line":33,"column":5}},"locations":[{"start":{"line":26,"column":25},"end":{"line":33,"column":5}}]},"7":{"type":"branch","line":31,"loc":{"start":{"line":31,"column":18},"end":{"line":31,"column":40}},"locations":[{"start":{"line":31,"column":18},"end":{"line":31,"column":40}}]},"8":{"type":"branch","line":32,"loc":{"start":{"line":32,"column":19},"end":{"line":32,"column":64}},"locations":[{"start":{"line":32,"column":19},"end":{"line":32,"column":64}}]},"9":{"type":"branch","line":35,"loc":{"start":{"line":35,"column":24},"end":{"line":44,"column":5}},"locations":[{"start":{"line":35,"column":24},"end":{"line":44,"column":5}}]},"10":{"type":"branch","line":38,"loc":{"start":{"line":38,"column":18},"end":{"line":38,"column":57}},"locations":[{"start":{"line":38,"column":18},"end":{"line":38,"column":57}}]},"11":{"type":"branch","line":39,"loc":{"start":{"line":39,"column":-2},"end":{"line":44,"column":5}},"locations":[{"start":{"line":39,"column":-2},"end":{"line":44,"column":5}}]},"12":{"type":"branch","line":42,"loc":{"start":{"line":42,"column":18},"end":{"line":42,"column":52}},"locations":[{"start":{"line":42,"column":18},"end":{"line":42,"column":52}}]},"13":{"type":"branch","line":46,"loc":{"start":{"line":46,"column":24},"end":{"line":55,"column":5}},"locations":[{"start":{"line":46,"column":24},"end":{"line":55,"column":5}}]},"14":{"type":"branch","line":49,"loc":{"start":{"line":49,"column":18},"end":{"line":49,"column":57}},"locations":[{"start":{"line":49,"column":18},"end":{"line":49,"column":57}}]},"15":{"type":"branch","line":53,"loc":{"start":{"line":53,"column":18},"end":{"line":53,"column":40}},"locations":[{"start":{"line":53,"column":18},"end":{"line":53,"column":40}}]},"16":{"type":"branch","line":54,"loc":{"start":{"line":54,"column":19},"end":{"line":54,"column":64}},"locations":[{"start":{"line":54,"column":19},"end":{"line":54,"column":64}}]},"17":{"type":"branch","line":57,"loc":{"start":{"line":57,"column":24},"end":{"line":64,"column":5}},"locations":[{"start":{"line":57,"column":24},"end":{"line":64,"column":5}}]},"18":{"type":"branch","line":62,"loc":{"start":{"line":62,"column":18},"end":{"line":62,"column":40}},"locations":[{"start":{"line":62,"column":18},"end":{"line":62,"column":40}}]},"19":{"type":"branch","line":63,"loc":{"start":{"line":63,"column":19},"end":{"line":63,"column":64}},"locations":[{"start":{"line":63,"column":19},"end":{"line":63,"column":64}}]}},"b":{"0":[1],"1":[1],"2":[3],"3":[0],"4":[1],"5":[1],"6":[2],"7":[1],"8":[1],"9":[3],"10":[2],"11":[1],"12":[1],"13":[4],"14":[0],"15":[3],"16":[1],"17":[2],"18":[1],"19":[1]},"fnMap":{"0":{"name":"<instance_members_initializer>","decl":{"start":{"line":5,"column":28},"end":{"line":65,"column":1}},"loc":{"start":{"line":5,"column":28},"end":{"line":65,"column":1}},"line":5},"1":{"name":"TodosController","decl":{"start":{"line":7,"column":4},"end":{"line":9,"column":8}},"loc":{"start":{"line":7,"column":4},"end":{"line":9,"column":8}},"line":7},"2":{"name":"handleErrorResponse","decl":{"start":{"line":11,"column":34},"end":{"line":17,"column":5}},"loc":{"start":{"line":11,"column":34},"end":{"line":17,"column":5}},"line":11},"3":{"name":"getTodos","decl":{"start":{"line":19,"column":22},"end":{"line":24,"column":5}},"loc":{"start":{"line":19,"column":22},"end":{"line":24,"column":5}},"line":19},"4":{"name":"getTodoById","decl":{"start":{"line":26,"column":25},"end":{"line":33,"column":5}},"loc":{"start":{"line":26,"column":25},"end":{"line":33,"column":5}},"line":26},"5":{"name":"createTodo","decl":{"start":{"line":35,"column":24},"end":{"line":44,"column":5}},"loc":{"start":{"line":35,"column":24},"end":{"line":44,"column":5}},"line":35},"6":{"name":"updateTodo","decl":{"start":{"line":46,"column":24},"end":{"line":55,"column":5}},"loc":{"start":{"line":46,"column":24},"end":{"line":55,"column":5}},"line":46},"7":{"name":"deleteTodo","decl":{"start":{"line":57,"column":24},"end":{"line":64,"column":5}},"loc":{"start":{"line":57,"column":24},"end":{"line":64,"column":5}},"line":57}},"f":{"0":1,"1":1,"2":3,"3":1,"4":2,"5":3,"6":4,"7":2}}
,"C:\\Users\\javier.uroz\\source\\NodeJS Fernando Herrera\\07-RESTWeb\\tests\\test.server.ts": {"path":"C:\\Users\\javier.uroz\\source\\NodeJS Fernando Herrera\\07-RESTWeb\\tests\\test.server.ts","all":false,"statementMap":{"0":{"start":{"line":1,"column":0},"end":{"line":1,"column":51}},"1":{"start":{"line":2,"column":0},"end":{"line":2,"column":41}},"2":{"start":{"line":3,"column":0},"end":{"line":3,"column":54}},"3":{"start":{"line":4,"column":0},"end":{"line":4,"column":0}},"4":{"start":{"line":5,"column":0},"end":{"line":5,"column":38}},"5":{"start":{"line":6,"column":0},"end":{"line":6,"column":20}},"6":{"start":{"line":7,"column":0},"end":{"line":7,"column":29}},"7":{"start":{"line":8,"column":0},"end":{"line":8,"column":3}}},"s":{"0":1,"1":1,"2":1,"3":1,"4":1,"5":1,"6":1,"7":1},"branchMap":{},"b":{},"fnMap":{},"f":{}}
}
