TN:
SF:src\data\postgres\index.ts
FNF:0
FNH:0
DA:1,1
DA:2,1
DA:3,1
LF:3
LH:3
BRF:0
BRH:0
end_of_record
TN:
SF:src\domain\index.ts
FNF:0
FNH:0
DA:1,1
DA:2,1
DA:3,1
DA:4,1
DA:5,1
DA:6,1
DA:7,1
DA:8,1
DA:9,1
DA:10,1
DA:11,1
DA:12,1
LF:12
LH:12
BRF:0
BRH:0
end_of_record
TN:
SF:src\domain\dtos\todos\create-todo.dto.ts
FN:1,<instance_members_initializer>
FN:2,CreateTodoDTO
FN:6,create
FNF:3
FNH:3
FNDA:1,<instance_members_initializer>
FNDA:1,CreateTodoDTO
FNDA:3,create
DA:1,1
DA:2,1
DA:3,1
DA:4,1
DA:5,1
DA:6,1
DA:7,3
DA:8,3
DA:9,3
DA:10,1
DA:11,1
DA:12,1
DA:13,1
LF:13
LH:13
BRDA:1,0,0,1
BRDA:2,1,0,1
BRDA:6,2,0,3
BRDA:9,3,0,1
BRDA:9,4,0,2
BRDA:10,5,0,1
BRF:6
BRH:6
end_of_record
TN:
SF:src\domain\dtos\todos\update-todo.dto.ts
FN:1,<instance_members_initializer>
FN:2,UpdateTodoDTO
FN:8,get values
FN:17,create
FNF:4
FNH:4
FNDA:4,<instance_members_initializer>
FNDA:4,UpdateTodoDTO
FNDA:3,get values
FNDA:4,create
DA:1,1
DA:2,4
DA:3,4
DA:4,4
DA:5,4
DA:6,4
DA:7,4
DA:8,4
DA:9,3
DA:10,3
DA:11,3
DA:12,3
DA:13,3
DA:14,3
DA:15,3
DA:16,4
DA:17,4
DA:18,4
DA:19,4
DA:20,4
DA:21,0
DA:22,4
DA:23,4
DA:24,4
DA:25,4
DA:26,4
DA:27,3
DA:28,3
DA:29,0
DA:30,0
DA:31,3
DA:32,4
DA:33,4
DA:34,4
DA:35,4
DA:36,4
DA:37,4
LF:37
LH:34
BRDA:1,0,0,4
BRDA:2,1,0,4
BRDA:8,2,0,3
BRDA:11,3,0,2
BRDA:12,4,0,2
BRDA:17,5,0,4
BRDA:20,6,0,0
BRDA:26,7,0,3
BRDA:28,8,0,0
BRF:9
BRH:7
end_of_record
TN:
SF:src\domain\errors\custom.error.ts
FN:3,<instance_members_initializer>
FN:4,CustomError
FNF:2
FNH:2
FNDA:3,<instance_members_initializer>
FNDA:3,CustomError
DA:1,1
DA:2,1
DA:3,1
DA:4,3
DA:5,3
DA:6,3
DA:7,3
DA:8,3
DA:9,3
DA:10,3
LF:10
LH:10
BRDA:3,0,0,3
BRDA:4,1,0,3
BRF:2
BRH:2
end_of_record
TN:
SF:src\infrastructure\datasource\todo.datasource.impl.ts
FN:5,create
FN:12,getAll
FN:17,findById
FN:25,updateById
FN:35,deleteById
FNF:5
FNH:5
FNDA:1,create
FNDA:1,getAll
FNDA:8,findById
FNDA:4,updateById
FNDA:2,deleteById
DA:1,1
DA:2,1
DA:3,1
DA:4,1
DA:5,1
DA:6,1
DA:7,1
DA:8,1
DA:9,1
DA:10,1
DA:11,1
DA:12,1
DA:13,1
DA:14,1
DA:15,1
DA:16,1
DA:17,1
DA:18,8
DA:19,8
DA:20,8
DA:21,8
DA:22,8
DA:23,5
DA:24,5
DA:25,1
DA:26,4
DA:27,3
DA:28,3
DA:29,3
DA:30,3
DA:31,3
DA:32,3
DA:33,3
DA:34,3
DA:35,1
DA:36,2
DA:37,1
DA:38,1
DA:39,1
DA:40,1
DA:41,1
DA:42,1
DA:43,1
DA:44,1
DA:45,1
LF:45
LH:45
BRDA:5,0,0,1
BRDA:12,1,0,1
BRDA:15,2,0,2
BRDA:17,3,0,8
BRDA:22,4,0,3
BRDA:23,5,0,5
BRDA:25,6,0,4
BRDA:27,7,0,3
BRDA:35,8,0,2
BRDA:37,9,0,1
BRF:10
BRH:10
end_of_record
TN:
SF:src\presentation\server.ts
FN:11,<instance_members_initializer>
FN:19,Server
FN:26,start
FN:52,close
FNF:4
FNH:4
FNDA:1,<instance_members_initializer>
FNDA:1,Server
FNDA:1,start
FNDA:1,close
DA:1,1
DA:2,1
DA:3,1
DA:4,1
DA:5,1
DA:6,1
DA:7,1
DA:8,1
DA:9,1
DA:10,1
DA:11,1
DA:12,1
DA:13,1
DA:14,1
DA:15,1
DA:16,1
DA:17,1
DA:18,1
DA:19,1
DA:20,1
DA:21,1
DA:22,1
DA:23,1
DA:24,1
DA:25,1
DA:26,1
DA:27,1
DA:28,1
DA:29,1
DA:30,1
DA:31,1
DA:32,1
DA:33,1
DA:34,1
DA:35,1
DA:36,1
DA:37,1
DA:38,1
DA:39,1
DA:40,1
DA:41,1
DA:42,0
DA:43,0
DA:44,0
DA:45,1
DA:46,1
DA:47,1
DA:48,1
DA:49,1
DA:50,1
DA:51,1
DA:52,1
DA:53,1
DA:54,1
DA:55,1
LF:55
LH:52
BRDA:11,0,0,1
BRDA:19,1,0,1
BRDA:26,2,0,1
BRDA:47,3,0,1
BRDA:52,4,0,1
BRF:5
BRH:5
end_of_record
TN:
SF:src\presentation\todos\controller.ts
FN:5,<instance_members_initializer>
FN:7,TodosController
FN:11,handleErrorResponse
FN:19,getTodos
FN:26,getTodoById
FN:35,createTodo
FN:46,updateTodo
FN:57,deleteTodo
FNF:8
FNH:8
FNDA:1,<instance_members_initializer>
FNDA:1,TodosController
FNDA:3,handleErrorResponse
FNDA:1,getTodos
FNDA:2,getTodoById
FNDA:3,createTodo
FNDA:4,updateTodo
FNDA:2,deleteTodo
DA:1,1
DA:2,1
DA:3,1
DA:4,1
DA:5,1
DA:6,1
DA:7,1
DA:8,1
DA:9,1
DA:10,1
DA:11,1
DA:12,3
DA:13,3
DA:14,3
DA:15,3
DA:16,0
DA:17,0
DA:18,1
DA:19,1
DA:20,1
DA:21,1
DA:22,1
DA:23,1
DA:24,1
DA:25,1
DA:26,1
DA:27,2
DA:28,2
DA:29,2
DA:30,2
DA:31,2
DA:32,2
DA:33,1
DA:34,1
DA:35,1
DA:36,3
DA:37,3
DA:38,3
DA:39,1
DA:40,1
DA:41,1
DA:42,1
DA:43,1
DA:44,1
DA:45,1
DA:46,1
DA:47,4
DA:48,4
DA:49,4
DA:50,4
DA:51,4
DA:52,4
DA:53,4
DA:54,4
DA:55,1
DA:56,1
DA:57,1
DA:58,2
DA:59,2
DA:60,2
DA:61,2
DA:62,2
DA:63,2
DA:64,1
DA:65,1
LF:65
LH:63
BRDA:5,0,0,1
BRDA:7,1,0,1
BRDA:11,2,0,3
BRDA:16,3,0,0
BRDA:19,4,0,1
BRDA:22,5,0,1
BRDA:26,6,0,2
BRDA:31,7,0,1
BRDA:32,8,0,1
BRDA:35,9,0,3
BRDA:38,10,0,2
BRDA:39,11,0,1
BRDA:42,12,0,1
BRDA:46,13,0,4
BRDA:49,14,0,0
BRDA:53,15,0,3
BRDA:54,16,0,1
BRDA:57,17,0,2
BRDA:62,18,0,1
BRDA:63,19,0,1
BRF:20
BRH:18
end_of_record
TN:
SF:tests\test.server.ts
FNF:0
FNH:0
DA:1,1
DA:2,1
DA:3,1
DA:4,1
DA:5,1
DA:6,1
DA:7,1
DA:8,1
LF:8
LH:8
BRF:0
BRH:0
end_of_record
